Using pre-set license
Built from '2020.3/release' branch; Version is '2020.3.15f2 (6cf78cb77498) revision 7141260'; Using compiler version '192528614'; Build Type 'Release'
OS: 'Windows 10 Home; OS build 22621.963; Version 2009; 64bit' Language: 'en' Physical Memory: 32509 MB
BatchMode: 1, IsHumanControllingUs: 0, StartBugReporterOnCrash: 0, Is64bit: 1, IsPro: 0

 COMMAND LINE ARGUMENTS:
C:\Program Files\Unity\Hub\Editor\2020.3.15f2\Editor\Unity.exe
-adb2
-batchMode
-noUpm
-name
AssetImportWorker0
-projectPath
C:/Users/Nicholas Ward/Documents/GitHub/TitanTeardown/TitanTeardown
-logFile
Logs/AssetImportWorker0.log
-srvPort
63005
Successfully changed project path to: C:/Users/Nicholas Ward/Documents/GitHub/TitanTeardown/TitanTeardown
C:/Users/Nicholas Ward/Documents/GitHub/TitanTeardown/TitanTeardown
Using Asset Import Pipeline V2.
Refreshing native plugins compatible for Editor in 23.00 ms, found 2 plugins.
Preloading 0 native plugins for Editor in 0.00 ms.
Initialize engine version: 2020.3.15f2 (6cf78cb77498)
[Subsystems] Discovering subsystems at path C:/Program Files/Unity/Hub/Editor/2020.3.15f2/Editor/Data/Resources/UnitySubsystems
[Subsystems] Discovering subsystems at path C:/Users/Nicholas Ward/Documents/GitHub/TitanTeardown/TitanTeardown/Assets
GfxDevice: creating device client; threaded=0
Direct3D:
    Version:  Direct3D 11.0 [level 11.1]
    Renderer: NVIDIA GeForce RTX 3070 Ti (ID=0x2482)
    Vendor:   
    VRAM:     8031 MB
    Driver:   31.0.15.2756
Initialize mono
Mono path[0] = 'C:/Program Files/Unity/Hub/Editor/2020.3.15f2/Editor/Data/Managed'
Mono path[1] = 'C:/Program Files/Unity/Hub/Editor/2020.3.15f2/Editor/Data/MonoBleedingEdge/lib/mono/unityjit'
Mono config path = 'C:/Program Files/Unity/Hub/Editor/2020.3.15f2/Editor/Data/MonoBleedingEdge/etc'
Using monoOptions --debugger-agent=transport=dt_socket,embedding=1,server=y,suspend=n,address=127.0.0.1:56596
Begin MonoManager ReloadAssembly
Registering precompiled unity dll's ...
Register platform support module: C:/Program Files/Unity/Hub/Editor/2020.3.15f2/Editor/Data/PlaybackEngines/WindowsStandaloneSupport/UnityEditor.WindowsStandalone.Extensions.dll
Registered in 0.000748 seconds.
Native extension for WindowsStandalone target not found
Refreshing native plugins compatible for Editor in 22.67 ms, found 2 plugins.
Preloading 0 native plugins for Editor in 0.00 ms.
Mono: successfully reloaded assembly
- Completed reload, in  0.516 seconds
Domain Reload Profiling:
	ReloadAssembly (516ms)
		BeginReloadAssembly (27ms)
			ExecutionOrderSort (0ms)
			DisableScriptedObjects (0ms)
			BackupInstance (0ms)
			ReleaseScriptingObjects (0ms)
			CreateAndSetChildDomain (0ms)
		EndReloadAssembly (221ms)
			LoadAssemblies (26ms)
			RebuildTransferFunctionScriptingTraits (0ms)
			SetupTypeCache (77ms)
			ReleaseScriptCaches (0ms)
			RebuildScriptCaches (15ms)
			SetupLoadedEditorAssemblies (90ms)
				LogAssemblyErrors (0ms)
				InitializePlatformSupportModulesInManaged (2ms)
				SetLoadedEditorAssemblies (0ms)
				RefreshPlugins (23ms)
				BeforeProcessingInitializeOnLoad (8ms)
				ProcessInitializeOnLoadAttributes (43ms)
				ProcessInitializeOnLoadMethodAttributes (15ms)
				AfterProcessingInitializeOnLoad (0ms)
				EditorAssembliesLoaded (0ms)
			ExecutionOrderSort2 (0ms)
			AwakeInstancesAfterBackupRestoration (0ms)
Platform modules already initialized, skipping
Registering precompiled user dll's ...
Registered in 0.001889 seconds.
Begin MonoManager ReloadAssembly
Native extension for WindowsStandalone target not found
Refreshing native plugins compatible for Editor in 0.25 ms, found 2 plugins.
Preloading 0 native plugins for Editor in 0.00 ms.
Mono: successfully reloaded assembly
- Completed reload, in  0.572 seconds
Domain Reload Profiling:
	ReloadAssembly (573ms)
		BeginReloadAssembly (73ms)
			ExecutionOrderSort (0ms)
			DisableScriptedObjects (2ms)
			BackupInstance (0ms)
			ReleaseScriptingObjects (0ms)
			CreateAndSetChildDomain (9ms)
		EndReloadAssembly (467ms)
			LoadAssemblies (45ms)
			RebuildTransferFunctionScriptingTraits (0ms)
			SetupTypeCache (137ms)
			ReleaseScriptCaches (0ms)
			RebuildScriptCaches (21ms)
			SetupLoadedEditorAssemblies (216ms)
				LogAssemblyErrors (0ms)
				InitializePlatformSupportModulesInManaged (3ms)
				SetLoadedEditorAssemblies (0ms)
				RefreshPlugins (0ms)
				BeforeProcessingInitializeOnLoad (51ms)
				ProcessInitializeOnLoadAttributes (156ms)
				ProcessInitializeOnLoadMethodAttributes (2ms)
				AfterProcessingInitializeOnLoad (3ms)
				EditorAssembliesLoaded (0ms)
			ExecutionOrderSort2 (0ms)
			AwakeInstancesAfterBackupRestoration (3ms)
Platform modules already initialized, skipping
========================================================================
Worker process is ready to serve import requests
Launched and connected shader compiler UnityShaderCompiler.exe after 0.04 seconds
Refreshing native plugins compatible for Editor in 0.24 ms, found 2 plugins.
Preloading 0 native plugins for Editor in 0.00 ms.
Unloading 1411 Unused Serialized files (Serialized files now loaded: 0)
System memory in use before: 80.6 MB.
System memory in use after: 80.7 MB.

Unloading 19 unused Assets to reduce memory usage. Loaded Objects now: 1863.
Total: 1.197600 ms (FindLiveObjects: 0.068700 ms CreateObjectMapping: 0.019700 ms MarkObjects: 1.050000 ms  DeleteObjects: 0.058500 ms)

AssetImportParameters requested are different than current active one (requested -> active):
  custom:framework-win-MediaFoundation: 216162199b28c13a410421893ffa2e32 -> 
  custom:video-decoder-ogg-theora: a1e56fd34408186e4bbccfd4996cb3dc -> 
  custom:container-muxer-webm: aa71ff27fc2769a1b78a27578f13a17b -> 
  custom:container-demuxer-webm: 4f35f7cbe854078d1ac9338744f61a02 -> 
  custom:container-demuxer-ogg: 62fdf1f143b41e24485cea50d1cbac27 -> 
  custom:video-encoder-webm-vp8: eb34c28f22e8b96e1ab97ce403110664 -> 
  custom:video-decoder-webm-vp8: 9c59270c3fd7afecdb556c50c9e8de78 -> 
  custom:audio-decoder-ogg-vorbis: bf7c407c2cedff20999df2af8eb42d56 -> 
  custom:audio-encoder-webm-vorbis: bf7c407c2cedff20999df2af8eb42d56 -> 
========================================================================
Received Import Request.
  path: Assets/Materials/Clear.mat
  artifactKey: Guid(2f46d863c82753547ab7fa586563e665) Importer(815301076,1909f56bfc062723c751e8b465ee728b)
Start importing Assets/Materials/Clear.mat using Guid(2f46d863c82753547ab7fa586563e665) Importer(815301076,1909f56bfc062723c751e8b465ee728b)  -> (artifact id: 'b02a66c6ef2cd3a173060f5bc59015b1') in 0.063793 seconds 
  Import took 0.065290 seconds .

========================================================================
Received Import Request.
  Time since last request: 10.653424 seconds.
  path: Assets/Scripts/PlayerPickUpDrop.cs
  artifactKey: Guid(b2c0b654791f23a4783d1c4d60e80407) Importer(815301076,1909f56bfc062723c751e8b465ee728b)
Start importing Assets/Scripts/PlayerPickUpDrop.cs using Guid(b2c0b654791f23a4783d1c4d60e80407) Importer(815301076,1909f56bfc062723c751e8b465ee728b)  -> (artifact id: '3c2f04474a6f7b542640e1a0c4c55880') in 0.005598 seconds 
  Import took 0.007448 seconds .

========================================================================
Received Prepare
Registering precompiled user dll's ...
Registered in 0.001606 seconds.
Begin MonoManager ReloadAssembly
Native extension for WindowsStandalone target not found
Refreshing native plugins compatible for Editor in 0.27 ms, found 2 plugins.
Preloading 0 native plugins for Editor in 0.00 ms.
Mono: successfully reloaded assembly
- Completed reload, in  0.571 seconds
Domain Reload Profiling:
	ReloadAssembly (572ms)
		BeginReloadAssembly (72ms)
			ExecutionOrderSort (0ms)
			DisableScriptedObjects (2ms)
			BackupInstance (0ms)
			ReleaseScriptingObjects (0ms)
			CreateAndSetChildDomain (18ms)
		EndReloadAssembly (465ms)
			LoadAssemblies (45ms)
			RebuildTransferFunctionScriptingTraits (0ms)
			SetupTypeCache (149ms)
			ReleaseScriptCaches (0ms)
			RebuildScriptCaches (19ms)
			SetupLoadedEditorAssemblies (198ms)
				LogAssemblyErrors (0ms)
				InitializePlatformSupportModulesInManaged (3ms)
				SetLoadedEditorAssemblies (0ms)
				RefreshPlugins (0ms)
				BeforeProcessingInitializeOnLoad (44ms)
				ProcessInitializeOnLoadAttributes (145ms)
				ProcessInitializeOnLoadMethodAttributes (2ms)
				AfterProcessingInitializeOnLoad (3ms)
				EditorAssembliesLoaded (0ms)
			ExecutionOrderSort2 (0ms)
			AwakeInstancesAfterBackupRestoration (3ms)
Platform modules already initialized, skipping
Refreshing native plugins compatible for Editor in 0.27 ms, found 2 plugins.
Preloading 0 native plugins for Editor in 0.00 ms.
Unloading 1405 Unused Serialized files (Serialized files now loaded: 0)
System memory in use before: 83.8 MB.
System memory in use after: 83.9 MB.

Unloading 15 unused Assets to reduce memory usage. Loaded Objects now: 1905.
Total: 1.203700 ms (FindLiveObjects: 0.074800 ms CreateObjectMapping: 0.021200 ms MarkObjects: 1.062600 ms  DeleteObjects: 0.044600 ms)

AssetImportParameters requested are different than current active one (requested -> active):
  custom:framework-win-MediaFoundation: 216162199b28c13a410421893ffa2e32 -> 
  custom:video-decoder-ogg-theora: a1e56fd34408186e4bbccfd4996cb3dc -> 
  custom:container-muxer-webm: aa71ff27fc2769a1b78a27578f13a17b -> 
  custom:container-demuxer-webm: 4f35f7cbe854078d1ac9338744f61a02 -> 
  custom:container-demuxer-ogg: 62fdf1f143b41e24485cea50d1cbac27 -> 
  custom:video-encoder-webm-vp8: eb34c28f22e8b96e1ab97ce403110664 -> 
  custom:video-decoder-webm-vp8: 9c59270c3fd7afecdb556c50c9e8de78 -> 
  custom:audio-decoder-ogg-vorbis: bf7c407c2cedff20999df2af8eb42d56 -> 
  custom:audio-encoder-webm-vorbis: bf7c407c2cedff20999df2af8eb42d56 -> 
========================================================================
Received Prepare
Registering precompiled user dll's ...
Registered in 0.001724 seconds.
Begin MonoManager ReloadAssembly
Native extension for WindowsStandalone target not found
Refreshing native plugins compatible for Editor in 0.26 ms, found 2 plugins.
Preloading 0 native plugins for Editor in 0.00 ms.
Mono: successfully reloaded assembly
- Completed reload, in  0.550 seconds
Domain Reload Profiling:
	ReloadAssembly (550ms)
		BeginReloadAssembly (59ms)
			ExecutionOrderSort (0ms)
			DisableScriptedObjects (3ms)
			BackupInstance (0ms)
			ReleaseScriptingObjects (0ms)
			CreateAndSetChildDomain (18ms)
		EndReloadAssembly (457ms)
			LoadAssemblies (48ms)
			RebuildTransferFunctionScriptingTraits (0ms)
			SetupTypeCache (139ms)
			ReleaseScriptCaches (0ms)
			RebuildScriptCaches (19ms)
			SetupLoadedEditorAssemblies (200ms)
				LogAssemblyErrors (0ms)
				InitializePlatformSupportModulesInManaged (3ms)
				SetLoadedEditorAssemblies (0ms)
				RefreshPlugins (0ms)
				BeforeProcessingInitializeOnLoad (44ms)
				ProcessInitializeOnLoadAttributes (148ms)
				ProcessInitializeOnLoadMethodAttributes (2ms)
				AfterProcessingInitializeOnLoad (3ms)
				EditorAssembliesLoaded (0ms)
			ExecutionOrderSort2 (0ms)
			AwakeInstancesAfterBackupRestoration (3ms)
Platform modules already initialized, skipping
Refreshing native plugins compatible for Editor in 0.33 ms, found 2 plugins.
Preloading 0 native plugins for Editor in 0.00 ms.
Unloading 1404 Unused Serialized files (Serialized files now loaded: 0)
System memory in use before: 83.9 MB.
System memory in use after: 83.9 MB.

Unloading 15 unused Assets to reduce memory usage. Loaded Objects now: 1907.
Total: 1.221100 ms (FindLiveObjects: 0.072900 ms CreateObjectMapping: 0.019500 ms MarkObjects: 1.082900 ms  DeleteObjects: 0.045000 ms)

AssetImportParameters requested are different than current active one (requested -> active):
  custom:framework-win-MediaFoundation: 216162199b28c13a410421893ffa2e32 -> 
  custom:video-decoder-ogg-theora: a1e56fd34408186e4bbccfd4996cb3dc -> 
  custom:container-muxer-webm: aa71ff27fc2769a1b78a27578f13a17b -> 
  custom:container-demuxer-webm: 4f35f7cbe854078d1ac9338744f61a02 -> 
  custom:container-demuxer-ogg: 62fdf1f143b41e24485cea50d1cbac27 -> 
  custom:video-encoder-webm-vp8: eb34c28f22e8b96e1ab97ce403110664 -> 
  custom:video-decoder-webm-vp8: 9c59270c3fd7afecdb556c50c9e8de78 -> 
  custom:audio-decoder-ogg-vorbis: bf7c407c2cedff20999df2af8eb42d56 -> 
  custom:audio-encoder-webm-vorbis: bf7c407c2cedff20999df2af8eb42d56 -> 
========================================================================
Received Import Request.
  Time since last request: 41.234693 seconds.
  path: Assets/Minotaur/animation/Materials
  artifactKey: Guid(abf257a62a0ed6246be45020babd390e) Importer(815301076,1909f56bfc062723c751e8b465ee728b)
Start importing Assets/Minotaur/animation/Materials using Guid(abf257a62a0ed6246be45020babd390e) Importer(815301076,1909f56bfc062723c751e8b465ee728b)  -> (artifact id: '326ce741ccc276e470b39590f302d9b9') in 0.002743 seconds 
  Import took 0.004260 seconds .

========================================================================
Received Import Request.
  Time since last request: 0.378542 seconds.
  path: Assets/Minotaur/animation/Minotaur@Attack.fbm
  artifactKey: Guid(b20da63b97f91df44a13b6312cfca6b7) Importer(815301076,1909f56bfc062723c751e8b465ee728b)
Start importing Assets/Minotaur/animation/Minotaur@Attack.fbm using Guid(b20da63b97f91df44a13b6312cfca6b7) Importer(815301076,1909f56bfc062723c751e8b465ee728b)  -> (artifact id: 'fc91686cb2d416a5151b9c685e96eb24') in 0.001693 seconds 
  Import took 0.003283 seconds .

========================================================================
Received Import Request.
  Time since last request: 1.013187 seconds.
  path: Assets/Minotaur/animation/Minotaur@Death1.fbm
  artifactKey: Guid(56586df5118cf7548940b37e649089ce) Importer(815301076,1909f56bfc062723c751e8b465ee728b)
Start importing Assets/Minotaur/animation/Minotaur@Death1.fbm using Guid(56586df5118cf7548940b37e649089ce) Importer(815301076,1909f56bfc062723c751e8b465ee728b)  -> (artifact id: '993daf814c2eb5c8e81fb1c79f0bc081') in 0.001898 seconds 
  Import took 0.003683 seconds .

========================================================================
Received Import Request.
  Time since last request: 0.511961 seconds.
  path: Assets/Minotaur/animation/Minotaur@Death2.fbm
  artifactKey: Guid(3a9731e5898bfa34cba976683bc2561d) Importer(815301076,1909f56bfc062723c751e8b465ee728b)
Start importing Assets/Minotaur/animation/Minotaur@Death2.fbm using Guid(3a9731e5898bfa34cba976683bc2561d) Importer(815301076,1909f56bfc062723c751e8b465ee728b)  -> (artifact id: '7313186aa3346554fed8a8e82c528d25') in 0.001677 seconds 
  Import took 0.003150 seconds .

========================================================================
Received Import Request.
  Time since last request: 0.713010 seconds.
  path: Assets/Minotaur/animation/Minotaur@Get_Hit.fbm
  artifactKey: Guid(14913b728f9627f4ba18687c31b687cb) Importer(815301076,1909f56bfc062723c751e8b465ee728b)
Start importing Assets/Minotaur/animation/Minotaur@Get_Hit.fbm using Guid(14913b728f9627f4ba18687c31b687cb) Importer(815301076,1909f56bfc062723c751e8b465ee728b)  -> (artifact id: 'c1ba096fa3bec6bc23fe60a07a9b7799') in 0.001782 seconds 
  Import took 0.003286 seconds .

========================================================================
Received Import Request.
  Time since last request: 0.544146 seconds.
  path: Assets/Minotaur/animation/Minotaur@Idle.fbm
  artifactKey: Guid(c05686e529927344ca47a03ecfbd4dbf) Importer(815301076,1909f56bfc062723c751e8b465ee728b)
Start importing Assets/Minotaur/animation/Minotaur@Idle.fbm using Guid(c05686e529927344ca47a03ecfbd4dbf) Importer(815301076,1909f56bfc062723c751e8b465ee728b)  -> (artifact id: '47b48b97b424ac1443969a8ec398add2') in 0.002112 seconds 
  Import took 0.003584 seconds .

========================================================================
Received Import Request.
  Time since last request: 0.436283 seconds.
  path: Assets/Minotaur/animation/Minotaur@Jump.fbm
  artifactKey: Guid(d17bda5d407490e48a482ecd068dbccb) Importer(815301076,1909f56bfc062723c751e8b465ee728b)
Start importing Assets/Minotaur/animation/Minotaur@Jump.fbm using Guid(d17bda5d407490e48a482ecd068dbccb) Importer(815301076,1909f56bfc062723c751e8b465ee728b)  -> (artifact id: 'd77ab2beea136ea855a01101bb81a9ca') in 0.001923 seconds 
  Import took 0.003576 seconds .

========================================================================
Received Import Request.
  Time since last request: 0.454973 seconds.
  path: Assets/Minotaur/animation/Minotaur@Run.fbm
  artifactKey: Guid(e630c22a05da5b94984716de1f5fd930) Importer(815301076,1909f56bfc062723c751e8b465ee728b)
Start importing Assets/Minotaur/animation/Minotaur@Run.fbm using Guid(e630c22a05da5b94984716de1f5fd930) Importer(815301076,1909f56bfc062723c751e8b465ee728b)  -> (artifact id: 'e9152903873014b068f865b8ae176229') in 0.010915 seconds 
  Import took 0.012376 seconds .

========================================================================
Received Import Request.
  Time since last request: 0.348599 seconds.
  path: Assets/Minotaur/animation/Minotaur@Run_Mec.fbm
  artifactKey: Guid(09fa70eb28aa67d41bfe9d187cf16681) Importer(815301076,1909f56bfc062723c751e8b465ee728b)
Start importing Assets/Minotaur/animation/Minotaur@Run_Mec.fbm using Guid(09fa70eb28aa67d41bfe9d187cf16681) Importer(815301076,1909f56bfc062723c751e8b465ee728b)  -> (artifact id: 'f96ebd22f400ef9fe68b92ab81eb650c') in 0.002121 seconds 
  Import took 0.003642 seconds .

========================================================================
Received Import Request.
  Time since last request: 0.380186 seconds.
  path: Assets/Minotaur/animation/Minotaur@Shout.fbm
  artifactKey: Guid(fd9e4bfc45db3944895c7bc6b0ac0d11) Importer(815301076,1909f56bfc062723c751e8b465ee728b)
Start importing Assets/Minotaur/animation/Minotaur@Shout.fbm using Guid(fd9e4bfc45db3944895c7bc6b0ac0d11) Importer(815301076,1909f56bfc062723c751e8b465ee728b)  -> (artifact id: '388f11128651ded936b7550582e17666') in 0.001724 seconds 
  Import took 0.003191 seconds .

========================================================================
Received Import Request.
  Time since last request: 0.983069 seconds.
  path: Assets/Minotaur/animation/Minotaur@Walk_Mec.fbm
  artifactKey: Guid(688906ef982abd040938f8a9fb0ede61) Importer(815301076,1909f56bfc062723c751e8b465ee728b)
Start importing Assets/Minotaur/animation/Minotaur@Walk_Mec.fbm using Guid(688906ef982abd040938f8a9fb0ede61) Importer(815301076,1909f56bfc062723c751e8b465ee728b)  -> (artifact id: '2ed7c1ffd80e518e06b993fb0cd79e6c') in 0.001809 seconds 
  Import took 0.003288 seconds .

========================================================================
Received Import Request.
  Time since last request: 0.606506 seconds.
  path: Assets/Minotaur/animation/Minotaur@Walk.fbm
  artifactKey: Guid(ac783b25df3c1ec4db3cfe7ecbece5dd) Importer(815301076,1909f56bfc062723c751e8b465ee728b)
Start importing Assets/Minotaur/animation/Minotaur@Walk.fbm using Guid(ac783b25df3c1ec4db3cfe7ecbece5dd) Importer(815301076,1909f56bfc062723c751e8b465ee728b)  -> (artifact id: 'd2ac84731f9068276cdce2d99057d394') in 0.001754 seconds 
  Import took 0.003241 seconds .

========================================================================
Received Prepare
Registering precompiled user dll's ...
Registered in 0.001567 seconds.
Begin MonoManager ReloadAssembly
Native extension for WindowsStandalone target not found
Refreshing native plugins compatible for Editor in 0.25 ms, found 2 plugins.
Preloading 0 native plugins for Editor in 0.00 ms.
Mono: successfully reloaded assembly
- Completed reload, in  0.571 seconds
Domain Reload Profiling:
	ReloadAssembly (571ms)
		BeginReloadAssembly (68ms)
			ExecutionOrderSort (0ms)
			DisableScriptedObjects (2ms)
			BackupInstance (0ms)
			ReleaseScriptingObjects (0ms)
			CreateAndSetChildDomain (18ms)
		EndReloadAssembly (471ms)
			LoadAssemblies (44ms)
			RebuildTransferFunctionScriptingTraits (0ms)
			SetupTypeCache (140ms)
			ReleaseScriptCaches (0ms)
			RebuildScriptCaches (18ms)
			SetupLoadedEditorAssemblies (214ms)
				LogAssemblyErrors (0ms)
				InitializePlatformSupportModulesInManaged (4ms)
				SetLoadedEditorAssemblies (0ms)
				RefreshPlugins (0ms)
				BeforeProcessingInitializeOnLoad (46ms)
				ProcessInitializeOnLoadAttributes (158ms)
				ProcessInitializeOnLoadMethodAttributes (3ms)
				AfterProcessingInitializeOnLoad (3ms)
				EditorAssembliesLoaded (0ms)
			ExecutionOrderSort2 (0ms)
			AwakeInstancesAfterBackupRestoration (3ms)
Platform modules already initialized, skipping
Refreshing native plugins compatible for Editor in 0.27 ms, found 2 plugins.
Preloading 0 native plugins for Editor in 0.00 ms.
Unloading 1404 Unused Serialized files (Serialized files now loaded: 0)
System memory in use before: 83.9 MB.
System memory in use after: 83.9 MB.

Unloading 14 unused Assets to reduce memory usage. Loaded Objects now: 1910.
Total: 1.328600 ms (FindLiveObjects: 0.073600 ms CreateObjectMapping: 0.018300 ms MarkObjects: 1.189100 ms  DeleteObjects: 0.046900 ms)

AssetImportParameters requested are different than current active one (requested -> active):
  custom:framework-win-MediaFoundation: 216162199b28c13a410421893ffa2e32 -> 
  custom:video-decoder-ogg-theora: a1e56fd34408186e4bbccfd4996cb3dc -> 
  custom:container-muxer-webm: aa71ff27fc2769a1b78a27578f13a17b -> 
  custom:container-demuxer-webm: 4f35f7cbe854078d1ac9338744f61a02 -> 
  custom:container-demuxer-ogg: 62fdf1f143b41e24485cea50d1cbac27 -> 
  custom:video-encoder-webm-vp8: eb34c28f22e8b96e1ab97ce403110664 -> 
  custom:video-decoder-webm-vp8: 9c59270c3fd7afecdb556c50c9e8de78 -> 
  custom:audio-decoder-ogg-vorbis: bf7c407c2cedff20999df2af8eb42d56 -> 
  custom:audio-encoder-webm-vorbis: bf7c407c2cedff20999df2af8eb42d56 -> 
========================================================================
Received Prepare
Registering precompiled user dll's ...
Registered in 0.003617 seconds.
Begin MonoManager ReloadAssembly
Native extension for WindowsStandalone target not found
Refreshing native plugins compatible for Editor in 0.41 ms, found 2 plugins.
Preloading 0 native plugins for Editor in 0.00 ms.
Mono: successfully reloaded assembly
- Completed reload, in  1.084 seconds
Domain Reload Profiling:
	ReloadAssembly (1084ms)
		BeginReloadAssembly (92ms)
			ExecutionOrderSort (0ms)
			DisableScriptedObjects (5ms)
			BackupInstance (0ms)
			ReleaseScriptingObjects (0ms)
			CreateAndSetChildDomain (27ms)
		EndReloadAssembly (915ms)
			LoadAssemblies (86ms)
			RebuildTransferFunctionScriptingTraits (0ms)
			SetupTypeCache (255ms)
			ReleaseScriptCaches (1ms)
			RebuildScriptCaches (39ms)
			SetupLoadedEditorAssemblies (398ms)
				LogAssemblyErrors (0ms)
				InitializePlatformSupportModulesInManaged (5ms)
				SetLoadedEditorAssemblies (0ms)
				RefreshPlugins (0ms)
				BeforeProcessingInitializeOnLoad (87ms)
				ProcessInitializeOnLoadAttributes (293ms)
				ProcessInitializeOnLoadMethodAttributes (5ms)
				AfterProcessingInitializeOnLoad (6ms)
				EditorAssembliesLoaded (0ms)
			ExecutionOrderSort2 (0ms)
			AwakeInstancesAfterBackupRestoration (7ms)
Platform modules already initialized, skipping
Refreshing native plugins compatible for Editor in 0.41 ms, found 2 plugins.
Preloading 0 native plugins for Editor in 0.00 ms.
Unloading 1404 Unused Serialized files (Serialized files now loaded: 0)
System memory in use before: 83.9 MB.
System memory in use after: 84.0 MB.

Unloading 14 unused Assets to reduce memory usage. Loaded Objects now: 1913.
Total: 1.808100 ms (FindLiveObjects: 0.169900 ms CreateObjectMapping: 0.128700 ms MarkObjects: 1.445800 ms  DeleteObjects: 0.062700 ms)

AssetImportParameters requested are different than current active one (requested -> active):
  custom:framework-win-MediaFoundation: 216162199b28c13a410421893ffa2e32 -> 
  custom:video-decoder-ogg-theora: a1e56fd34408186e4bbccfd4996cb3dc -> 
  custom:container-muxer-webm: aa71ff27fc2769a1b78a27578f13a17b -> 
  custom:container-demuxer-webm: 4f35f7cbe854078d1ac9338744f61a02 -> 
  custom:container-demuxer-ogg: 62fdf1f143b41e24485cea50d1cbac27 -> 
  custom:video-encoder-webm-vp8: eb34c28f22e8b96e1ab97ce403110664 -> 
  custom:video-decoder-webm-vp8: 9c59270c3fd7afecdb556c50c9e8de78 -> 
  custom:audio-decoder-ogg-vorbis: bf7c407c2cedff20999df2af8eb42d56 -> 
  custom:audio-encoder-webm-vorbis: bf7c407c2cedff20999df2af8eb42d56 -> 
========================================================================
Received Prepare
Registering precompiled user dll's ...
Registered in 0.001630 seconds.
Begin MonoManager ReloadAssembly
Native extension for WindowsStandalone target not found
Refreshing native plugins compatible for Editor in 0.26 ms, found 2 plugins.
Preloading 0 native plugins for Editor in 0.00 ms.
Mono: successfully reloaded assembly
- Completed reload, in  0.565 seconds
Domain Reload Profiling:
	ReloadAssembly (565ms)
		BeginReloadAssembly (63ms)
			ExecutionOrderSort (0ms)
			DisableScriptedObjects (2ms)
			BackupInstance (0ms)
			ReleaseScriptingObjects (0ms)
			CreateAndSetChildDomain (16ms)
		EndReloadAssembly (466ms)
			LoadAssemblies (44ms)
			RebuildTransferFunctionScriptingTraits (0ms)
			SetupTypeCache (131ms)
			ReleaseScriptCaches (1ms)
			RebuildScriptCaches (18ms)
			SetupLoadedEditorAssemblies (218ms)
				LogAssemblyErrors (0ms)
				InitializePlatformSupportModulesInManaged (3ms)
				SetLoadedEditorAssemblies (0ms)
				RefreshPlugins (0ms)
				BeforeProcessingInitializeOnLoad (44ms)
				ProcessInitializeOnLoadAttributes (166ms)
				ProcessInitializeOnLoadMethodAttributes (2ms)
				AfterProcessingInitializeOnLoad (3ms)
				EditorAssembliesLoaded (0ms)
			ExecutionOrderSort2 (0ms)
			AwakeInstancesAfterBackupRestoration (3ms)
Platform modules already initialized, skipping
Refreshing native plugins compatible for Editor in 0.32 ms, found 2 plugins.
Preloading 0 native plugins for Editor in 0.00 ms.
Unloading 1404 Unused Serialized files (Serialized files now loaded: 0)
System memory in use before: 83.9 MB.
System memory in use after: 84.0 MB.

Unloading 14 unused Assets to reduce memory usage. Loaded Objects now: 1916.
Total: 1.225500 ms (FindLiveObjects: 0.086100 ms CreateObjectMapping: 0.018200 ms MarkObjects: 1.076800 ms  DeleteObjects: 0.043700 ms)

AssetImportParameters requested are different than current active one (requested -> active):
  custom:framework-win-MediaFoundation: 216162199b28c13a410421893ffa2e32 -> 
  custom:video-decoder-ogg-theora: a1e56fd34408186e4bbccfd4996cb3dc -> 
  custom:container-muxer-webm: aa71ff27fc2769a1b78a27578f13a17b -> 
  custom:container-demuxer-webm: 4f35f7cbe854078d1ac9338744f61a02 -> 
  custom:container-demuxer-ogg: 62fdf1f143b41e24485cea50d1cbac27 -> 
  custom:video-encoder-webm-vp8: eb34c28f22e8b96e1ab97ce403110664 -> 
  custom:video-decoder-webm-vp8: 9c59270c3fd7afecdb556c50c9e8de78 -> 
  custom:audio-decoder-ogg-vorbis: bf7c407c2cedff20999df2af8eb42d56 -> 
  custom:audio-encoder-webm-vorbis: bf7c407c2cedff20999df2af8eb42d56 -> 
AssetImportWorkerClient::OnTransportError - code=2 error=End of file
